[debug] [2025-08-16T18:31:36.838Z] ----------------------------------------------------------------------
[debug] [2025-08-16T18:31:36.840Z] Command:       C:\Program Files\nodejs\node.exe C:\Users\nikhil\AppData\Roaming\npm\node_modules\firebase-tools\lib\bin\firebase.js init
[debug] [2025-08-16T18:31:36.840Z] CLI Version:   14.2.0
[debug] [2025-08-16T18:31:36.840Z] Platform:      win32
[debug] [2025-08-16T18:31:36.841Z] Node Version:  v20.11.1
[debug] [2025-08-16T18:31:36.841Z] Time:          Sun Aug 17 2025 00:01:36 GMT+0530 (India Standard Time)
[debug] [2025-08-16T18:31:36.841Z] ----------------------------------------------------------------------
[debug] 
[debug] [2025-08-16T18:31:36.846Z] > command requires scopes: ["email","openid","https://www.googleapis.com/auth/cloudplatformprojects.readonly","https://www.googleapis.com/auth/firebase","https://www.googleapis.com/auth/cloud-platform"]
[debug] [2025-08-16T18:31:36.847Z] > authorizing via signed-in user (jnikhilreddy219@gmail.com)
[info] 
     ######## #### ########  ######## ########     ###     ######  ########
     ##        ##  ##     ## ##       ##     ##  ##   ##  ##       ##
     ######    ##  ########  ######   ########  #########  ######  ######
     ##        ##  ##    ##  ##       ##     ## ##     ##       ## ##
     ##       #### ##     ## ######## ########  ##     ##  ######  ########

You're about to initialize a Firebase project in this directory:

  C:\Users\nikhil\OneDrive\Desktop\jaggaer-frontend-assignment

[info] 
=== Project Setup
[info] 
[info] First, let's associate this project directory with a Firebase project.
[info] You can create multiple project aliases by running firebase use --add, 
[info] but for now we'll just set up a default project.
[info] 
[debug] [2025-08-16T18:31:53.943Z] Checked if tokens are valid: true, expires at: 1755372256580
[debug] [2025-08-16T18:31:53.943Z] Checked if tokens are valid: true, expires at: 1755372256580
[debug] [2025-08-16T18:31:53.944Z] >>> [apiv2][query] GET https://firebase.googleapis.com/v1beta1/projects pageSize=100
[debug] [2025-08-16T18:31:54.777Z] <<< [apiv2][status] GET https://firebase.googleapis.com/v1beta1/projects 200
[debug] [2025-08-16T18:31:54.777Z] <<< [apiv2][body] GET https://firebase.googleapis.com/v1beta1/projects [omitted]
[debug] [2025-08-16T18:32:31.980Z] ----------------------------------------------------------------------
[debug] [2025-08-16T18:32:31.983Z] Command:       C:\Program Files\nodejs\node.exe C:\Users\nikhil\AppData\Roaming\npm\node_modules\firebase-tools\lib\bin\firebase.js init
[debug] [2025-08-16T18:32:31.983Z] CLI Version:   14.2.0
[debug] [2025-08-16T18:32:31.983Z] Platform:      win32
[debug] [2025-08-16T18:32:31.983Z] Node Version:  v20.11.1
[debug] [2025-08-16T18:32:31.984Z] Time:          Sun Aug 17 2025 00:02:31 GMT+0530 (India Standard Time)
[debug] [2025-08-16T18:32:31.984Z] ----------------------------------------------------------------------
[debug] 
[debug] [2025-08-16T18:32:31.989Z] > command requires scopes: ["email","openid","https://www.googleapis.com/auth/cloudplatformprojects.readonly","https://www.googleapis.com/auth/firebase","https://www.googleapis.com/auth/cloud-platform"]
[debug] [2025-08-16T18:32:31.989Z] > authorizing via signed-in user (jnikhilreddy219@gmail.com)
[info] 
     ######## #### ########  ######## ########     ###     ######  ########
     ##        ##  ##     ## ##       ##     ##  ##   ##  ##       ##
     ######    ##  ########  ######   ########  #########  ######  ######
     ##        ##  ##    ##  ##       ##     ## ##     ##       ## ##
     ##       #### ##     ## ######## ########  ##     ##  ######  ########

You're about to initialize a Firebase project in this directory:

  C:\Users\nikhil\OneDrive\Desktop\jaggaer-frontend-assignment

[info] 
=== Project Setup
[info] 
[info] First, let's associate this project directory with a Firebase project.
[info] You can create multiple project aliases by running firebase use --add, 
[info] but for now we'll just set up a default project.
[info] 
[info] i  If you want to create a project in a Google Cloud organization or folder, please use "firebase projects:create" instead, and return to this command when you've created the project. 
